<?xml version="1.0" encoding="UTF-8"?>
<robot generator="Robot 6.0.2 (Python 3.11.1 on win32)" generated="20230110 17:55:34.544" rpa="false" schemaversion="3">
<suite id="s1" name="GoRestAPI Testcases" source="C:\Users\mouni\PycharmProjects\SKY_DNEAutomation\RobotFramework\GoRestAPI_Testcases.robot">
<test id="s1-t1" name="TC0_Create_HTTP_Session" line="10">
<kw name="Create Session" library="RequestsLibrary">
<arg>api_url</arg>
<arg>${base_url}</arg>
<arg>verify=True</arg>
<doc>Create Session: create a HTTP session to a server</doc>
<msg timestamp="20230110 17:55:34.907" level="INFO">Creating Session using : alias=api_url, url=https://gorest.co.in/, headers={},                     cookies={}, auth=None, timeout=None, proxies=None, verify=True,                     debug=0 </msg>
<status status="PASS" starttime="20230110 17:55:34.907" endtime="20230110 17:55:34.907"/>
</kw>
<kw name="Log" library="BuiltIn">
<arg>HTTP session created successfully with ${base_url}</arg>
<doc>Logs the given message with the given level.</doc>
<msg timestamp="20230110 17:55:34.907" level="INFO">HTTP session created successfully with https://gorest.co.in/</msg>
<status status="PASS" starttime="20230110 17:55:34.907" endtime="20230110 17:55:34.907"/>
</kw>
<doc>This test case creates HTTP session with specified url</doc>
<status status="PASS" starttime="20230110 17:55:34.907" endtime="20230110 17:55:34.907"/>
</test>
<test id="s1-t2" name="TC1_Verify_Pagination" line="15">
<kw name="GET On Session" library="RequestsLibrary">
<var>${response}</var>
<arg>api_url</arg>
<arg>public/v1/users</arg>
<doc>Sends a GET request on a previously created HTTP Session.</doc>
<msg timestamp="20230110 17:55:35.130" level="INFO">GET Request : url=https://gorest.co.in/public/v1/users 
 path_url=/public/v1/users 
 headers={'User-Agent': 'python-requests/2.28.1', 'Accept-Encoding': 'gzip, deflate', 'Accept': '*/*', 'Connection': 'keep-alive'} 
 body=None 
 </msg>
<msg timestamp="20230110 17:55:35.130" level="INFO">GET Response : url=https://gorest.co.in/public/v1/users 
 status=200, reason=OK 
 headers={'Date': 'Tue, 10 Jan 2023 12:25:34 GMT', 'Content-Type': 'application/json; charset=utf-8', 'Transfer-Encoding': 'chunked', 'Connection': 'keep-alive', 'Cache-Control': 'max-age=0, private, must-revalidate', 'etag': 'W/"a528c9e1a3268e5c9a75fc6fbe688300"', 'referrer-policy': 'strict-origin-when-cross-origin', 'vary': 'Origin', 'x-content-type-options': 'nosniff', 'x-download-options': 'noopen', 'x-frame-options': 'SAMEORIGIN', 'x-permitted-cross-domain-policies': 'none', 'x-request-id': '1c4a7ec3-f8dd-40bb-917b-de1933fd5171', 'x-runtime': '0.022472', 'x-xss-protection': '0', 'CF-Cache-Status': 'DYNAMIC', 'Report-To': '{"endpoints":[{"url":"https:\\/\\/a.nel.cloudflare.com\\/report\\/v3?s=Z8gVwHcg13h%2F9Kgtk3FYYK9xx%2BOOkafvYKjvMpmhsYnXkBED3%2B6Rc6QULkAZPjKL28f2IQOwTLcX5HwoQ696W2AD0HUk0RV7uTK0aQ5lrCap99Z4Q%2F%2B9Du22N2UhxVLPsa6yXYABPuO7YcA%3D"}],"group":"cf-nel","max_age":604800}', 'NEL': '{"success_fraction":0,"report_to":"cf-nel","max_age":604800}', 'Server': 'cloudflare', 'CF-RAY': '78756568ec7e3c07-BLR', 'Content-Encoding': 'gzip', 'alt-svc': 'h3=":443"; ma=86400, h3-29=":443"; ma=86400'} 
 body={"meta":{"pagination":{"total":3502,"pages":351,"page":1,"limit":10,"links":{"previous":null,"current":"https://gorest.co.in/public/v1/users?page=1","next":"https://gorest.co.in/public/v1/users?page=2"}}},"data":[{"id":4104,"name":"Gayatri Tandon","email":"tandon_gayatri@willms-simonis.net","gender":"female","status":"inactive"},{"id":4099,"name":"Fr. Goswami Achari","email":"fr_goswami_achari@altenwerth-oberbrunner.co","gender":"male","status":"active"},{"id":4098,"name":"Kin Saini","email":"kin_saini@jacobson.name","gender":"male","status":"active"},{"id":4097,"name":"Deenabandhu Dhawan","email":"deenabandhu_dhawan@skiles.info","gender":"female","status":"active"},{"id":4096,"name":"Msgr. Jitendra Dwivedi","email":"msgr_dwivedi_jitendra@bernhard.net","gender":"male","status":"inactive"},{"id":4094,"name":"Jaya Pothuvaal","email":"pothuvaal_jaya@effertz-gusikowski.org","gender":"male","status":"inactive"},{"id":4092,"name":"Chandravati Mehra","email":"chandravati_mehra@kautzer-hand.info","gender":"male","status":"active"},{"id":4091,"name":"Anil Dwivedi","email":"dwivedi_anil@feil.biz","gender":"male","status":"inactive"},{"id":4090,"name":"Mrs. Jagmeet Gandhi","email":"jagmeet_mrs_gandhi@hoppe-carroll.name","gender":"male","status":"active"},{"id":4089,"name":"Lakshminath Banerjee","email":"banerjee_lakshminath@tromp-turcotte.co","gender":"female","status":"inactive"}]} 
 </msg>
<msg timestamp="20230110 17:55:35.130" level="INFO">${response} = &lt;Response [200]&gt;</msg>
<status status="PASS" starttime="20230110 17:55:34.907" endtime="20230110 17:55:35.130"/>
</kw>
<kw name="Set Variable" library="BuiltIn">
<var>${data}</var>
<arg>${response.json()}</arg>
<doc>Returns the given values which can then be assigned to a variables.</doc>
<msg timestamp="20230110 17:55:35.130" level="INFO">${data} = {'meta': {'pagination': {'total': 3502, 'pages': 351, 'page': 1, 'limit': 10, 'links': {'previous': None, 'current': 'https://gorest.co.in/public/v1/users?page=1', 'next': 'https://gorest.co.in/public...</msg>
<status status="PASS" starttime="20230110 17:55:35.130" endtime="20230110 17:55:35.130"/>
</kw>
<kw name="Verify Pagination" library="keywords">
<arg>${data}</arg>
<kw name="Should Contain" library="BuiltIn">
<arg>${data}.meta</arg>
<arg>pagination</arg>
<doc>Fails if ``container`` does not contain ``item`` one or more times.</doc>
<status status="PASS" starttime="20230110 17:55:35.130" endtime="20230110 17:55:35.130"/>
</kw>
<status status="PASS" starttime="20230110 17:55:35.130" endtime="20230110 17:55:35.130"/>
</kw>
<doc>This test case verifies API response has pagination</doc>
<status status="PASS" starttime="20230110 17:55:34.907" endtime="20230110 17:55:35.130"/>
</test>
<test id="s1-t3" name="TC2_Verify_Response_Json_Data" line="21">
<kw name="GET On Session" library="RequestsLibrary">
<var>${response}</var>
<arg>api_url</arg>
<arg>public/v1/users</arg>
<doc>Sends a GET request on a previously created HTTP Session.</doc>
<msg timestamp="20230110 17:55:35.209" level="INFO">GET Request : url=https://gorest.co.in/public/v1/users 
 path_url=/public/v1/users 
 headers={'User-Agent': 'python-requests/2.28.1', 'Accept-Encoding': 'gzip, deflate', 'Accept': '*/*', 'Connection': 'keep-alive'} 
 body=None 
 </msg>
<msg timestamp="20230110 17:55:35.209" level="INFO">GET Response : url=https://gorest.co.in/public/v1/users 
 status=200, reason=OK 
 headers={'Date': 'Tue, 10 Jan 2023 12:25:35 GMT', 'Content-Type': 'application/json; charset=utf-8', 'Transfer-Encoding': 'chunked', 'Connection': 'keep-alive', 'Cache-Control': 'max-age=0, private, must-revalidate', 'etag': 'W/"a528c9e1a3268e5c9a75fc6fbe688300"', 'referrer-policy': 'strict-origin-when-cross-origin', 'vary': 'Origin', 'x-content-type-options': 'nosniff', 'x-download-options': 'noopen', 'x-frame-options': 'SAMEORIGIN', 'x-permitted-cross-domain-policies': 'none', 'x-request-id': '2b098ec5-8b97-4c45-818a-95cf89cc39a5', 'x-runtime': '0.022010', 'x-xss-protection': '0', 'CF-Cache-Status': 'DYNAMIC', 'Report-To': '{"endpoints":[{"url":"https:\\/\\/a.nel.cloudflare.com\\/report\\/v3?s=R22dZ2rvwtZMIFjDrrh3o932ev0SQckXZ8b0rMJgQoh87YorUwWqH3e6yFdEqurz2DWudtp49a%2F%2B7aw62soNW1yHQGEedwlRozuzhSy0sF572rZd0oC2x7D01xNZ1rI9RaG8a0jGR65G9YA%3D"}],"group":"cf-nel","max_age":604800}', 'NEL': '{"success_fraction":0,"report_to":"cf-nel","max_age":604800}', 'Server': 'cloudflare', 'CF-RAY': '78756569bd3b3c07-BLR', 'Content-Encoding': 'gzip', 'alt-svc': 'h3=":443"; ma=86400, h3-29=":443"; ma=86400'} 
 body={"meta":{"pagination":{"total":3502,"pages":351,"page":1,"limit":10,"links":{"previous":null,"current":"https://gorest.co.in/public/v1/users?page=1","next":"https://gorest.co.in/public/v1/users?page=2"}}},"data":[{"id":4104,"name":"Gayatri Tandon","email":"tandon_gayatri@willms-simonis.net","gender":"female","status":"inactive"},{"id":4099,"name":"Fr. Goswami Achari","email":"fr_goswami_achari@altenwerth-oberbrunner.co","gender":"male","status":"active"},{"id":4098,"name":"Kin Saini","email":"kin_saini@jacobson.name","gender":"male","status":"active"},{"id":4097,"name":"Deenabandhu Dhawan","email":"deenabandhu_dhawan@skiles.info","gender":"female","status":"active"},{"id":4096,"name":"Msgr. Jitendra Dwivedi","email":"msgr_dwivedi_jitendra@bernhard.net","gender":"male","status":"inactive"},{"id":4094,"name":"Jaya Pothuvaal","email":"pothuvaal_jaya@effertz-gusikowski.org","gender":"male","status":"inactive"},{"id":4092,"name":"Chandravati Mehra","email":"chandravati_mehra@kautzer-hand.info","gender":"male","status":"active"},{"id":4091,"name":"Anil Dwivedi","email":"dwivedi_anil@feil.biz","gender":"male","status":"inactive"},{"id":4090,"name":"Mrs. Jagmeet Gandhi","email":"jagmeet_mrs_gandhi@hoppe-carroll.name","gender":"male","status":"active"},{"id":4089,"name":"Lakshminath Banerjee","email":"banerjee_lakshminath@tromp-turcotte.co","gender":"female","status":"inactive"}]} 
 </msg>
<msg timestamp="20230110 17:55:35.209" level="INFO">${response} = &lt;Response [200]&gt;</msg>
<status status="PASS" starttime="20230110 17:55:35.130" endtime="20230110 17:55:35.209"/>
</kw>
<kw name="Log To Console" library="BuiltIn">
<arg>Verifying JSON data is valid or not</arg>
<doc>Logs the given message to the console.</doc>
<status status="PASS" starttime="20230110 17:55:35.209" endtime="20230110 17:55:35.209"/>
</kw>
<kw name="Set Variable" library="BuiltIn">
<var>${json_obj}</var>
<arg>${response.json()}</arg>
<doc>Returns the given values which can then be assigned to a variables.</doc>
<msg timestamp="20230110 17:55:35.209" level="INFO">${json_obj} = {'meta': {'pagination': {'total': 3502, 'pages': 351, 'page': 1, 'limit': 10, 'links': {'previous': None, 'current': 'https://gorest.co.in/public/v1/users?page=1', 'next': 'https://gorest.co.in/public...</msg>
<status status="PASS" starttime="20230110 17:55:35.209" endtime="20230110 17:55:35.209"/>
</kw>
<kw name="Log To Console" library="BuiltIn">
<arg>GET response has valid JSON format ${json_obj}</arg>
<doc>Logs the given message to the console.</doc>
<status status="PASS" starttime="20230110 17:55:35.209" endtime="20230110 17:55:35.209"/>
</kw>
<doc>This test case validates get response data is valid json</doc>
<status status="PASS" starttime="20230110 17:55:35.130" endtime="20230110 17:55:35.209"/>
</test>
<test id="s1-t4" name="TC3_Verify_User_Email" line="29">
<kw name="GET On Session" library="RequestsLibrary">
<var>${response}</var>
<arg>api_url</arg>
<arg>public/v1/users</arg>
<doc>Sends a GET request on a previously created HTTP Session.</doc>
<msg timestamp="20230110 17:55:35.256" level="INFO">GET Request : url=https://gorest.co.in/public/v1/users 
 path_url=/public/v1/users 
 headers={'User-Agent': 'python-requests/2.28.1', 'Accept-Encoding': 'gzip, deflate', 'Accept': '*/*', 'Connection': 'keep-alive'} 
 body=None 
 </msg>
<msg timestamp="20230110 17:55:35.256" level="INFO">GET Response : url=https://gorest.co.in/public/v1/users 
 status=200, reason=OK 
 headers={'Date': 'Tue, 10 Jan 2023 12:25:35 GMT', 'Content-Type': 'application/json; charset=utf-8', 'Transfer-Encoding': 'chunked', 'Connection': 'keep-alive', 'Cache-Control': 'max-age=0, private, must-revalidate', 'etag': 'W/"a528c9e1a3268e5c9a75fc6fbe688300"', 'referrer-policy': 'strict-origin-when-cross-origin', 'vary': 'Origin', 'x-content-type-options': 'nosniff', 'x-download-options': 'noopen', 'x-frame-options': 'SAMEORIGIN', 'x-permitted-cross-domain-policies': 'none', 'x-request-id': 'b715f9d8-a6d1-41a1-bc2e-4f602fdb56c8', 'x-runtime': '0.022200', 'x-xss-protection': '0', 'CF-Cache-Status': 'DYNAMIC', 'Report-To': '{"endpoints":[{"url":"https:\\/\\/a.nel.cloudflare.com\\/report\\/v3?s=8ohHlZKp3Kd4mdPfTN3sD75YEi3BhHYWSJIJjvRAV3b5CJZNk2def%2BesKr1frkaNL1P90b7K6EFK%2BvOeu%2Bi0XiWLRtQlcGVzWTCBhndw0ouUWLEnUovL%2BveF7s9ImzWKR%2BIKH%2FaCb9IC4q0%3D"}],"group":"cf-nel","max_age":604800}', 'NEL': '{"success_fraction":0,"report_to":"cf-nel","max_age":604800}', 'Server': 'cloudflare', 'CF-RAY': '7875656a2dcb3c07-BLR', 'Content-Encoding': 'gzip', 'alt-svc': 'h3=":443"; ma=86400, h3-29=":443"; ma=86400'} 
 body={"meta":{"pagination":{"total":3502,"pages":351,"page":1,"limit":10,"links":{"previous":null,"current":"https://gorest.co.in/public/v1/users?page=1","next":"https://gorest.co.in/public/v1/users?page=2"}}},"data":[{"id":4104,"name":"Gayatri Tandon","email":"tandon_gayatri@willms-simonis.net","gender":"female","status":"inactive"},{"id":4099,"name":"Fr. Goswami Achari","email":"fr_goswami_achari@altenwerth-oberbrunner.co","gender":"male","status":"active"},{"id":4098,"name":"Kin Saini","email":"kin_saini@jacobson.name","gender":"male","status":"active"},{"id":4097,"name":"Deenabandhu Dhawan","email":"deenabandhu_dhawan@skiles.info","gender":"female","status":"active"},{"id":4096,"name":"Msgr. Jitendra Dwivedi","email":"msgr_dwivedi_jitendra@bernhard.net","gender":"male","status":"inactive"},{"id":4094,"name":"Jaya Pothuvaal","email":"pothuvaal_jaya@effertz-gusikowski.org","gender":"male","status":"inactive"},{"id":4092,"name":"Chandravati Mehra","email":"chandravati_mehra@kautzer-hand.info","gender":"male","status":"active"},{"id":4091,"name":"Anil Dwivedi","email":"dwivedi_anil@feil.biz","gender":"male","status":"inactive"},{"id":4090,"name":"Mrs. Jagmeet Gandhi","email":"jagmeet_mrs_gandhi@hoppe-carroll.name","gender":"male","status":"active"},{"id":4089,"name":"Lakshminath Banerjee","email":"banerjee_lakshminath@tromp-turcotte.co","gender":"female","status":"inactive"}]} 
 </msg>
<msg timestamp="20230110 17:55:35.256" level="INFO">${response} = &lt;Response [200]&gt;</msg>
<status status="PASS" starttime="20230110 17:55:35.209" endtime="20230110 17:55:35.256"/>
</kw>
<kw name="Verify Valid Email" library="keywords">
<arg>${response.json()}</arg>
<kw name="Get Value From Json" library="JSONLibrary">
<var>${users}</var>
<arg>${data}</arg>
<arg>$.data</arg>
<doc>Get Value From JSON using JSONPath</doc>
<msg timestamp="20230110 17:55:35.302" level="INFO">${users} = [[{'id': 4104, 'name': 'Gayatri Tandon', 'email': 'tandon_gayatri@willms-simonis.net', 'gender': 'female', 'status': 'inactive'}, {'id': 4099, 'name': 'Fr. Goswami Achari', 'email': 'fr_goswami_achari...</msg>
<status status="PASS" starttime="20230110 17:55:35.256" endtime="20230110 17:55:35.302"/>
</kw>
<for flavor="IN">
<var>${user}</var>
<value>@{users}[0]</value>
<iter>
<var name="${user}">{'id': 4104, 'name': 'Gayatri Tandon', 'email': 'tandon_gayatri@willms-simonis.net', 'gender': 'female', 'status': 'inactive'}</var>
<kw name="Evaluate" library="BuiltIn">
<var>${email}</var>
<arg>${user}.get("email"," ")</arg>
<doc>Evaluates the given expression in Python and returns the result.</doc>
<msg timestamp="20230110 17:55:35.302" level="INFO">${email} = tandon_gayatri@willms-simonis.net</msg>
<status status="PASS" starttime="20230110 17:55:35.302" endtime="20230110 17:55:35.302"/>
</kw>
<kw name="Validate Email" library="API_lib">
<var>${resp}</var>
<arg>${email}</arg>
<msg timestamp="20230110 17:55:35.302" level="INFO">${resp} = 1</msg>
<status status="PASS" starttime="20230110 17:55:35.302" endtime="20230110 17:55:35.302"/>
</kw>
<kw name="Run Keyword And Continue On Failure" library="BuiltIn">
<arg>should be equal</arg>
<arg>${resp}</arg>
<arg>${True}</arg>
<doc>Runs the keyword and continues execution even if a failure occurs.</doc>
<kw name="Should Be Equal" library="BuiltIn">
<arg>${resp}</arg>
<arg>${True}</arg>
<doc>Fails if the given objects are unequal.</doc>
<msg timestamp="20230110 17:55:35.302" level="INFO">Argument types are:
&lt;class 'int'&gt;
&lt;class 'bool'&gt;</msg>
<status status="PASS" starttime="20230110 17:55:35.302" endtime="20230110 17:55:35.302"/>
</kw>
<status status="PASS" starttime="20230110 17:55:35.302" endtime="20230110 17:55:35.302"/>
</kw>
<status status="PASS" starttime="20230110 17:55:35.302" endtime="20230110 17:55:35.302"/>
</iter>
<iter>
<var name="${user}">{'id': 4099, 'name': 'Fr. Goswami Achari', 'email': 'fr_goswami_achari@altenwerth-oberbrunner.co', 'gender': 'male', 'status': 'active'}</var>
<kw name="Evaluate" library="BuiltIn">
<var>${email}</var>
<arg>${user}.get("email"," ")</arg>
<doc>Evaluates the given expression in Python and returns the result.</doc>
<msg timestamp="20230110 17:55:35.302" level="INFO">${email} = fr_goswami_achari@altenwerth-oberbrunner.co</msg>
<status status="PASS" starttime="20230110 17:55:35.302" endtime="20230110 17:55:35.302"/>
</kw>
<kw name="Validate Email" library="API_lib">
<var>${resp}</var>
<arg>${email}</arg>
<msg timestamp="20230110 17:55:35.302" level="INFO">${resp} = 1</msg>
<status status="PASS" starttime="20230110 17:55:35.302" endtime="20230110 17:55:35.302"/>
</kw>
<kw name="Run Keyword And Continue On Failure" library="BuiltIn">
<arg>should be equal</arg>
<arg>${resp}</arg>
<arg>${True}</arg>
<doc>Runs the keyword and continues execution even if a failure occurs.</doc>
<kw name="Should Be Equal" library="BuiltIn">
<arg>${resp}</arg>
<arg>${True}</arg>
<doc>Fails if the given objects are unequal.</doc>
<msg timestamp="20230110 17:55:35.302" level="INFO">Argument types are:
&lt;class 'int'&gt;
&lt;class 'bool'&gt;</msg>
<status status="PASS" starttime="20230110 17:55:35.302" endtime="20230110 17:55:35.302"/>
</kw>
<status status="PASS" starttime="20230110 17:55:35.302" endtime="20230110 17:55:35.302"/>
</kw>
<status status="PASS" starttime="20230110 17:55:35.302" endtime="20230110 17:55:35.302"/>
</iter>
<iter>
<var name="${user}">{'id': 4098, 'name': 'Kin Saini', 'email': 'kin_saini@jacobson.name', 'gender': 'male', 'status': 'active'}</var>
<kw name="Evaluate" library="BuiltIn">
<var>${email}</var>
<arg>${user}.get("email"," ")</arg>
<doc>Evaluates the given expression in Python and returns the result.</doc>
<msg timestamp="20230110 17:55:35.302" level="INFO">${email} = kin_saini@jacobson.name</msg>
<status status="PASS" starttime="20230110 17:55:35.302" endtime="20230110 17:55:35.302"/>
</kw>
<kw name="Validate Email" library="API_lib">
<var>${resp}</var>
<arg>${email}</arg>
<msg timestamp="20230110 17:55:35.302" level="INFO">${resp} = 1</msg>
<status status="PASS" starttime="20230110 17:55:35.302" endtime="20230110 17:55:35.302"/>
</kw>
<kw name="Run Keyword And Continue On Failure" library="BuiltIn">
<arg>should be equal</arg>
<arg>${resp}</arg>
<arg>${True}</arg>
<doc>Runs the keyword and continues execution even if a failure occurs.</doc>
<kw name="Should Be Equal" library="BuiltIn">
<arg>${resp}</arg>
<arg>${True}</arg>
<doc>Fails if the given objects are unequal.</doc>
<msg timestamp="20230110 17:55:35.302" level="INFO">Argument types are:
&lt;class 'int'&gt;
&lt;class 'bool'&gt;</msg>
<status status="PASS" starttime="20230110 17:55:35.302" endtime="20230110 17:55:35.302"/>
</kw>
<status status="PASS" starttime="20230110 17:55:35.302" endtime="20230110 17:55:35.302"/>
</kw>
<status status="PASS" starttime="20230110 17:55:35.302" endtime="20230110 17:55:35.302"/>
</iter>
<iter>
<var name="${user}">{'id': 4097, 'name': 'Deenabandhu Dhawan', 'email': 'deenabandhu_dhawan@skiles.info', 'gender': 'female', 'status': 'active'}</var>
<kw name="Evaluate" library="BuiltIn">
<var>${email}</var>
<arg>${user}.get("email"," ")</arg>
<doc>Evaluates the given expression in Python and returns the result.</doc>
<msg timestamp="20230110 17:55:35.302" level="INFO">${email} = deenabandhu_dhawan@skiles.info</msg>
<status status="PASS" starttime="20230110 17:55:35.302" endtime="20230110 17:55:35.302"/>
</kw>
<kw name="Validate Email" library="API_lib">
<var>${resp}</var>
<arg>${email}</arg>
<msg timestamp="20230110 17:55:35.302" level="INFO">${resp} = 1</msg>
<status status="PASS" starttime="20230110 17:55:35.302" endtime="20230110 17:55:35.302"/>
</kw>
<kw name="Run Keyword And Continue On Failure" library="BuiltIn">
<arg>should be equal</arg>
<arg>${resp}</arg>
<arg>${True}</arg>
<doc>Runs the keyword and continues execution even if a failure occurs.</doc>
<kw name="Should Be Equal" library="BuiltIn">
<arg>${resp}</arg>
<arg>${True}</arg>
<doc>Fails if the given objects are unequal.</doc>
<msg timestamp="20230110 17:55:35.302" level="INFO">Argument types are:
&lt;class 'int'&gt;
&lt;class 'bool'&gt;</msg>
<status status="PASS" starttime="20230110 17:55:35.302" endtime="20230110 17:55:35.302"/>
</kw>
<status status="PASS" starttime="20230110 17:55:35.302" endtime="20230110 17:55:35.302"/>
</kw>
<status status="PASS" starttime="20230110 17:55:35.302" endtime="20230110 17:55:35.302"/>
</iter>
<iter>
<var name="${user}">{'id': 4096, 'name': 'Msgr. Jitendra Dwivedi', 'email': 'msgr_dwivedi_jitendra@bernhard.net', 'gender': 'male', 'status': 'inactive'}</var>
<kw name="Evaluate" library="BuiltIn">
<var>${email}</var>
<arg>${user}.get("email"," ")</arg>
<doc>Evaluates the given expression in Python and returns the result.</doc>
<msg timestamp="20230110 17:55:35.302" level="INFO">${email} = msgr_dwivedi_jitendra@bernhard.net</msg>
<status status="PASS" starttime="20230110 17:55:35.302" endtime="20230110 17:55:35.302"/>
</kw>
<kw name="Validate Email" library="API_lib">
<var>${resp}</var>
<arg>${email}</arg>
<msg timestamp="20230110 17:55:35.302" level="INFO">${resp} = 1</msg>
<status status="PASS" starttime="20230110 17:55:35.302" endtime="20230110 17:55:35.302"/>
</kw>
<kw name="Run Keyword And Continue On Failure" library="BuiltIn">
<arg>should be equal</arg>
<arg>${resp}</arg>
<arg>${True}</arg>
<doc>Runs the keyword and continues execution even if a failure occurs.</doc>
<kw name="Should Be Equal" library="BuiltIn">
<arg>${resp}</arg>
<arg>${True}</arg>
<doc>Fails if the given objects are unequal.</doc>
<msg timestamp="20230110 17:55:35.302" level="INFO">Argument types are:
&lt;class 'int'&gt;
&lt;class 'bool'&gt;</msg>
<status status="PASS" starttime="20230110 17:55:35.302" endtime="20230110 17:55:35.302"/>
</kw>
<status status="PASS" starttime="20230110 17:55:35.302" endtime="20230110 17:55:35.302"/>
</kw>
<status status="PASS" starttime="20230110 17:55:35.302" endtime="20230110 17:55:35.302"/>
</iter>
<iter>
<var name="${user}">{'id': 4094, 'name': 'Jaya Pothuvaal', 'email': 'pothuvaal_jaya@effertz-gusikowski.org', 'gender': 'male', 'status': 'inactive'}</var>
<kw name="Evaluate" library="BuiltIn">
<var>${email}</var>
<arg>${user}.get("email"," ")</arg>
<doc>Evaluates the given expression in Python and returns the result.</doc>
<msg timestamp="20230110 17:55:35.302" level="INFO">${email} = pothuvaal_jaya@effertz-gusikowski.org</msg>
<status status="PASS" starttime="20230110 17:55:35.302" endtime="20230110 17:55:35.302"/>
</kw>
<kw name="Validate Email" library="API_lib">
<var>${resp}</var>
<arg>${email}</arg>
<msg timestamp="20230110 17:55:35.302" level="INFO">${resp} = 1</msg>
<status status="PASS" starttime="20230110 17:55:35.302" endtime="20230110 17:55:35.302"/>
</kw>
<kw name="Run Keyword And Continue On Failure" library="BuiltIn">
<arg>should be equal</arg>
<arg>${resp}</arg>
<arg>${True}</arg>
<doc>Runs the keyword and continues execution even if a failure occurs.</doc>
<kw name="Should Be Equal" library="BuiltIn">
<arg>${resp}</arg>
<arg>${True}</arg>
<doc>Fails if the given objects are unequal.</doc>
<msg timestamp="20230110 17:55:35.302" level="INFO">Argument types are:
&lt;class 'int'&gt;
&lt;class 'bool'&gt;</msg>
<status status="PASS" starttime="20230110 17:55:35.302" endtime="20230110 17:55:35.302"/>
</kw>
<status status="PASS" starttime="20230110 17:55:35.302" endtime="20230110 17:55:35.302"/>
</kw>
<status status="PASS" starttime="20230110 17:55:35.302" endtime="20230110 17:55:35.302"/>
</iter>
<iter>
<var name="${user}">{'id': 4092, 'name': 'Chandravati Mehra', 'email': 'chandravati_mehra@kautzer-hand.info', 'gender': 'male', 'status': 'active'}</var>
<kw name="Evaluate" library="BuiltIn">
<var>${email}</var>
<arg>${user}.get("email"," ")</arg>
<doc>Evaluates the given expression in Python and returns the result.</doc>
<msg timestamp="20230110 17:55:35.302" level="INFO">${email} = chandravati_mehra@kautzer-hand.info</msg>
<status status="PASS" starttime="20230110 17:55:35.302" endtime="20230110 17:55:35.302"/>
</kw>
<kw name="Validate Email" library="API_lib">
<var>${resp}</var>
<arg>${email}</arg>
<msg timestamp="20230110 17:55:35.302" level="INFO">${resp} = 1</msg>
<status status="PASS" starttime="20230110 17:55:35.302" endtime="20230110 17:55:35.302"/>
</kw>
<kw name="Run Keyword And Continue On Failure" library="BuiltIn">
<arg>should be equal</arg>
<arg>${resp}</arg>
<arg>${True}</arg>
<doc>Runs the keyword and continues execution even if a failure occurs.</doc>
<kw name="Should Be Equal" library="BuiltIn">
<arg>${resp}</arg>
<arg>${True}</arg>
<doc>Fails if the given objects are unequal.</doc>
<msg timestamp="20230110 17:55:35.302" level="INFO">Argument types are:
&lt;class 'int'&gt;
&lt;class 'bool'&gt;</msg>
<status status="PASS" starttime="20230110 17:55:35.302" endtime="20230110 17:55:35.302"/>
</kw>
<status status="PASS" starttime="20230110 17:55:35.302" endtime="20230110 17:55:35.302"/>
</kw>
<status status="PASS" starttime="20230110 17:55:35.302" endtime="20230110 17:55:35.302"/>
</iter>
<iter>
<var name="${user}">{'id': 4091, 'name': 'Anil Dwivedi', 'email': 'dwivedi_anil@feil.biz', 'gender': 'male', 'status': 'inactive'}</var>
<kw name="Evaluate" library="BuiltIn">
<var>${email}</var>
<arg>${user}.get("email"," ")</arg>
<doc>Evaluates the given expression in Python and returns the result.</doc>
<msg timestamp="20230110 17:55:35.302" level="INFO">${email} = dwivedi_anil@feil.biz</msg>
<status status="PASS" starttime="20230110 17:55:35.302" endtime="20230110 17:55:35.302"/>
</kw>
<kw name="Validate Email" library="API_lib">
<var>${resp}</var>
<arg>${email}</arg>
<msg timestamp="20230110 17:55:35.302" level="INFO">${resp} = 1</msg>
<status status="PASS" starttime="20230110 17:55:35.302" endtime="20230110 17:55:35.302"/>
</kw>
<kw name="Run Keyword And Continue On Failure" library="BuiltIn">
<arg>should be equal</arg>
<arg>${resp}</arg>
<arg>${True}</arg>
<doc>Runs the keyword and continues execution even if a failure occurs.</doc>
<kw name="Should Be Equal" library="BuiltIn">
<arg>${resp}</arg>
<arg>${True}</arg>
<doc>Fails if the given objects are unequal.</doc>
<msg timestamp="20230110 17:55:35.302" level="INFO">Argument types are:
&lt;class 'int'&gt;
&lt;class 'bool'&gt;</msg>
<status status="PASS" starttime="20230110 17:55:35.302" endtime="20230110 17:55:35.302"/>
</kw>
<status status="PASS" starttime="20230110 17:55:35.302" endtime="20230110 17:55:35.302"/>
</kw>
<status status="PASS" starttime="20230110 17:55:35.302" endtime="20230110 17:55:35.302"/>
</iter>
<iter>
<var name="${user}">{'id': 4090, 'name': 'Mrs. Jagmeet Gandhi', 'email': 'jagmeet_mrs_gandhi@hoppe-carroll.name', 'gender': 'male', 'status': 'active'}</var>
<kw name="Evaluate" library="BuiltIn">
<var>${email}</var>
<arg>${user}.get("email"," ")</arg>
<doc>Evaluates the given expression in Python and returns the result.</doc>
<msg timestamp="20230110 17:55:35.302" level="INFO">${email} = jagmeet_mrs_gandhi@hoppe-carroll.name</msg>
<status status="PASS" starttime="20230110 17:55:35.302" endtime="20230110 17:55:35.302"/>
</kw>
<kw name="Validate Email" library="API_lib">
<var>${resp}</var>
<arg>${email}</arg>
<msg timestamp="20230110 17:55:35.302" level="INFO">${resp} = 1</msg>
<status status="PASS" starttime="20230110 17:55:35.302" endtime="20230110 17:55:35.302"/>
</kw>
<kw name="Run Keyword And Continue On Failure" library="BuiltIn">
<arg>should be equal</arg>
<arg>${resp}</arg>
<arg>${True}</arg>
<doc>Runs the keyword and continues execution even if a failure occurs.</doc>
<kw name="Should Be Equal" library="BuiltIn">
<arg>${resp}</arg>
<arg>${True}</arg>
<doc>Fails if the given objects are unequal.</doc>
<msg timestamp="20230110 17:55:35.302" level="INFO">Argument types are:
&lt;class 'int'&gt;
&lt;class 'bool'&gt;</msg>
<status status="PASS" starttime="20230110 17:55:35.302" endtime="20230110 17:55:35.302"/>
</kw>
<status status="PASS" starttime="20230110 17:55:35.302" endtime="20230110 17:55:35.302"/>
</kw>
<status status="PASS" starttime="20230110 17:55:35.302" endtime="20230110 17:55:35.302"/>
</iter>
<iter>
<var name="${user}">{'id': 4089, 'name': 'Lakshminath Banerjee', 'email': 'banerjee_lakshminath@tromp-turcotte.co', 'gender': 'female', 'status': 'inactive'}</var>
<kw name="Evaluate" library="BuiltIn">
<var>${email}</var>
<arg>${user}.get("email"," ")</arg>
<doc>Evaluates the given expression in Python and returns the result.</doc>
<msg timestamp="20230110 17:55:35.302" level="INFO">${email} = banerjee_lakshminath@tromp-turcotte.co</msg>
<status status="PASS" starttime="20230110 17:55:35.302" endtime="20230110 17:55:35.302"/>
</kw>
<kw name="Validate Email" library="API_lib">
<var>${resp}</var>
<arg>${email}</arg>
<msg timestamp="20230110 17:55:35.302" level="INFO">${resp} = 1</msg>
<status status="PASS" starttime="20230110 17:55:35.302" endtime="20230110 17:55:35.302"/>
</kw>
<kw name="Run Keyword And Continue On Failure" library="BuiltIn">
<arg>should be equal</arg>
<arg>${resp}</arg>
<arg>${True}</arg>
<doc>Runs the keyword and continues execution even if a failure occurs.</doc>
<kw name="Should Be Equal" library="BuiltIn">
<arg>${resp}</arg>
<arg>${True}</arg>
<doc>Fails if the given objects are unequal.</doc>
<msg timestamp="20230110 17:55:35.302" level="INFO">Argument types are:
&lt;class 'int'&gt;
&lt;class 'bool'&gt;</msg>
<status status="PASS" starttime="20230110 17:55:35.302" endtime="20230110 17:55:35.302"/>
</kw>
<status status="PASS" starttime="20230110 17:55:35.302" endtime="20230110 17:55:35.302"/>
</kw>
<status status="PASS" starttime="20230110 17:55:35.302" endtime="20230110 17:55:35.302"/>
</iter>
<status status="PASS" starttime="20230110 17:55:35.302" endtime="20230110 17:55:35.302"/>
</for>
<status status="PASS" starttime="20230110 17:55:35.256" endtime="20230110 17:55:35.302"/>
</kw>
<doc>This test case will verify email address availability in user data</doc>
<status status="PASS" starttime="20230110 17:55:35.209" endtime="20230110 17:55:35.302"/>
</test>
<test id="s1-t5" name="TC4_Verify_user_data" line="34">
<kw name="GET On Session" library="RequestsLibrary">
<var>${response}</var>
<arg>api_url</arg>
<arg>public/v1/users</arg>
<doc>Sends a GET request on a previously created HTTP Session.</doc>
<msg timestamp="20230110 17:55:35.366" level="INFO">GET Request : url=https://gorest.co.in/public/v1/users 
 path_url=/public/v1/users 
 headers={'User-Agent': 'python-requests/2.28.1', 'Accept-Encoding': 'gzip, deflate', 'Accept': '*/*', 'Connection': 'keep-alive'} 
 body=None 
 </msg>
<msg timestamp="20230110 17:55:35.366" level="INFO">GET Response : url=https://gorest.co.in/public/v1/users 
 status=200, reason=OK 
 headers={'Date': 'Tue, 10 Jan 2023 12:25:35 GMT', 'Content-Type': 'application/json; charset=utf-8', 'Transfer-Encoding': 'chunked', 'Connection': 'keep-alive', 'Cache-Control': 'max-age=0, private, must-revalidate', 'etag': 'W/"a528c9e1a3268e5c9a75fc6fbe688300"', 'referrer-policy': 'strict-origin-when-cross-origin', 'vary': 'Origin', 'x-content-type-options': 'nosniff', 'x-download-options': 'noopen', 'x-frame-options': 'SAMEORIGIN', 'x-permitted-cross-domain-policies': 'none', 'x-request-id': '75c8f2f8-612e-49ca-999d-1c0d74ec5f56', 'x-runtime': '0.028779', 'x-xss-protection': '0', 'CF-Cache-Status': 'DYNAMIC', 'Report-To': '{"endpoints":[{"url":"https:\\/\\/a.nel.cloudflare.com\\/report\\/v3?s=shpxPGzgtU6Nf9aX%2B69GdJOqcY7uTiTfZiqmcEcASSdra8QtMN7SCMa8iUnc6TFYqLPdvn7v%2FdHD0N4iLVR0l9qMScReIX9T3jGRLlcHaJahwqdqk1bhAhjTuEhfJP6z2WhFVzhiM6UVfOU%3D"}],"group":"cf-nel","max_age":604800}', 'NEL': '{"success_fraction":0,"report_to":"cf-nel","max_age":604800}', 'Server': 'cloudflare', 'CF-RAY': '7875656ace823c07-BLR', 'Content-Encoding': 'gzip', 'alt-svc': 'h3=":443"; ma=86400, h3-29=":443"; ma=86400'} 
 body={"meta":{"pagination":{"total":3502,"pages":351,"page":1,"limit":10,"links":{"previous":null,"current":"https://gorest.co.in/public/v1/users?page=1","next":"https://gorest.co.in/public/v1/users?page=2"}}},"data":[{"id":4104,"name":"Gayatri Tandon","email":"tandon_gayatri@willms-simonis.net","gender":"female","status":"inactive"},{"id":4099,"name":"Fr. Goswami Achari","email":"fr_goswami_achari@altenwerth-oberbrunner.co","gender":"male","status":"active"},{"id":4098,"name":"Kin Saini","email":"kin_saini@jacobson.name","gender":"male","status":"active"},{"id":4097,"name":"Deenabandhu Dhawan","email":"deenabandhu_dhawan@skiles.info","gender":"female","status":"active"},{"id":4096,"name":"Msgr. Jitendra Dwivedi","email":"msgr_dwivedi_jitendra@bernhard.net","gender":"male","status":"inactive"},{"id":4094,"name":"Jaya Pothuvaal","email":"pothuvaal_jaya@effertz-gusikowski.org","gender":"male","status":"inactive"},{"id":4092,"name":"Chandravati Mehra","email":"chandravati_mehra@kautzer-hand.info","gender":"male","status":"active"},{"id":4091,"name":"Anil Dwivedi","email":"dwivedi_anil@feil.biz","gender":"male","status":"inactive"},{"id":4090,"name":"Mrs. Jagmeet Gandhi","email":"jagmeet_mrs_gandhi@hoppe-carroll.name","gender":"male","status":"active"},{"id":4089,"name":"Lakshminath Banerjee","email":"banerjee_lakshminath@tromp-turcotte.co","gender":"female","status":"inactive"}]} 
 </msg>
<msg timestamp="20230110 17:55:35.366" level="INFO">${response} = &lt;Response [200]&gt;</msg>
<status status="PASS" starttime="20230110 17:55:35.302" endtime="20230110 17:55:35.366"/>
</kw>
<kw name="Verify Users Data" library="keywords">
<arg>${response.json()}</arg>
<kw name="Get Value From Json" library="JSONLibrary">
<var>${users}</var>
<arg>${data}</arg>
<arg>$.data</arg>
<doc>Get Value From JSON using JSONPath</doc>
<msg timestamp="20230110 17:55:35.388" level="INFO">${users} = [[{'id': 4104, 'name': 'Gayatri Tandon', 'email': 'tandon_gayatri@willms-simonis.net', 'gender': 'female', 'status': 'inactive'}, {'id': 4099, 'name': 'Fr. Goswami Achari', 'email': 'fr_goswami_achari...</msg>
<status status="PASS" starttime="20230110 17:55:35.366" endtime="20230110 17:55:35.388"/>
</kw>
<kw name="Get Length" library="BuiltIn">
<var>${users_count}</var>
<arg>${users}[0]</arg>
<doc>Returns and logs the length of the given item as an integer.</doc>
<msg timestamp="20230110 17:55:35.388" level="INFO">Length is 10</msg>
<msg timestamp="20230110 17:55:35.388" level="INFO">${users_count} = 10</msg>
<status status="PASS" starttime="20230110 17:55:35.388" endtime="20230110 17:55:35.388"/>
</kw>
<kw name="Get Dictionary Keys" library="Collections">
<var>${user_keys}</var>
<arg>${users}[0][0]</arg>
<doc>Returns keys of the given ``dictionary`` as a list.</doc>
<msg timestamp="20230110 17:55:35.388" level="INFO">${user_keys} = ['email', 'gender', 'id', 'name', 'status']</msg>
<status status="PASS" starttime="20230110 17:55:35.388" endtime="20230110 17:55:35.388"/>
</kw>
<kw name="Log To Console" library="BuiltIn">
<arg>${user_keys}</arg>
<doc>Logs the given message to the console.</doc>
<status status="PASS" starttime="20230110 17:55:35.388" endtime="20230110 17:55:35.388"/>
</kw>
<for flavor="IN RANGE">
<var>${i}</var>
<value>${users_count}</value>
<iter>
<var name="${i}">0</var>
<kw name="Get Dictionary Keys" library="Collections">
<var>${keys}</var>
<arg>${users}[0][${i}]</arg>
<doc>Returns keys of the given ``dictionary`` as a list.</doc>
<msg timestamp="20230110 17:55:35.388" level="INFO">${keys} = ['email', 'gender', 'id', 'name', 'status']</msg>
<status status="PASS" starttime="20230110 17:55:35.388" endtime="20230110 17:55:35.388"/>
</kw>
<kw name="Lists Should Be Equal" library="Collections">
<arg>${user_keys}</arg>
<arg>${keys}</arg>
<arg>ignore_order=True</arg>
<doc>Fails if given lists are unequal.</doc>
<status status="PASS" starttime="20230110 17:55:35.388" endtime="20230110 17:55:35.388"/>
</kw>
<status status="PASS" starttime="20230110 17:55:35.388" endtime="20230110 17:55:35.388"/>
</iter>
<iter>
<var name="${i}">1</var>
<kw name="Get Dictionary Keys" library="Collections">
<var>${keys}</var>
<arg>${users}[0][${i}]</arg>
<doc>Returns keys of the given ``dictionary`` as a list.</doc>
<msg timestamp="20230110 17:55:35.388" level="INFO">${keys} = ['email', 'gender', 'id', 'name', 'status']</msg>
<status status="PASS" starttime="20230110 17:55:35.388" endtime="20230110 17:55:35.388"/>
</kw>
<kw name="Lists Should Be Equal" library="Collections">
<arg>${user_keys}</arg>
<arg>${keys}</arg>
<arg>ignore_order=True</arg>
<doc>Fails if given lists are unequal.</doc>
<status status="PASS" starttime="20230110 17:55:35.388" endtime="20230110 17:55:35.388"/>
</kw>
<status status="PASS" starttime="20230110 17:55:35.388" endtime="20230110 17:55:35.388"/>
</iter>
<iter>
<var name="${i}">2</var>
<kw name="Get Dictionary Keys" library="Collections">
<var>${keys}</var>
<arg>${users}[0][${i}]</arg>
<doc>Returns keys of the given ``dictionary`` as a list.</doc>
<msg timestamp="20230110 17:55:35.388" level="INFO">${keys} = ['email', 'gender', 'id', 'name', 'status']</msg>
<status status="PASS" starttime="20230110 17:55:35.388" endtime="20230110 17:55:35.388"/>
</kw>
<kw name="Lists Should Be Equal" library="Collections">
<arg>${user_keys}</arg>
<arg>${keys}</arg>
<arg>ignore_order=True</arg>
<doc>Fails if given lists are unequal.</doc>
<status status="PASS" starttime="20230110 17:55:35.388" endtime="20230110 17:55:35.388"/>
</kw>
<status status="PASS" starttime="20230110 17:55:35.388" endtime="20230110 17:55:35.388"/>
</iter>
<iter>
<var name="${i}">3</var>
<kw name="Get Dictionary Keys" library="Collections">
<var>${keys}</var>
<arg>${users}[0][${i}]</arg>
<doc>Returns keys of the given ``dictionary`` as a list.</doc>
<msg timestamp="20230110 17:55:35.388" level="INFO">${keys} = ['email', 'gender', 'id', 'name', 'status']</msg>
<status status="PASS" starttime="20230110 17:55:35.388" endtime="20230110 17:55:35.388"/>
</kw>
<kw name="Lists Should Be Equal" library="Collections">
<arg>${user_keys}</arg>
<arg>${keys}</arg>
<arg>ignore_order=True</arg>
<doc>Fails if given lists are unequal.</doc>
<status status="PASS" starttime="20230110 17:55:35.388" endtime="20230110 17:55:35.388"/>
</kw>
<status status="PASS" starttime="20230110 17:55:35.388" endtime="20230110 17:55:35.388"/>
</iter>
<iter>
<var name="${i}">4</var>
<kw name="Get Dictionary Keys" library="Collections">
<var>${keys}</var>
<arg>${users}[0][${i}]</arg>
<doc>Returns keys of the given ``dictionary`` as a list.</doc>
<msg timestamp="20230110 17:55:35.388" level="INFO">${keys} = ['email', 'gender', 'id', 'name', 'status']</msg>
<status status="PASS" starttime="20230110 17:55:35.388" endtime="20230110 17:55:35.388"/>
</kw>
<kw name="Lists Should Be Equal" library="Collections">
<arg>${user_keys}</arg>
<arg>${keys}</arg>
<arg>ignore_order=True</arg>
<doc>Fails if given lists are unequal.</doc>
<status status="PASS" starttime="20230110 17:55:35.388" endtime="20230110 17:55:35.388"/>
</kw>
<status status="PASS" starttime="20230110 17:55:35.388" endtime="20230110 17:55:35.388"/>
</iter>
<iter>
<var name="${i}">5</var>
<kw name="Get Dictionary Keys" library="Collections">
<var>${keys}</var>
<arg>${users}[0][${i}]</arg>
<doc>Returns keys of the given ``dictionary`` as a list.</doc>
<msg timestamp="20230110 17:55:35.388" level="INFO">${keys} = ['email', 'gender', 'id', 'name', 'status']</msg>
<status status="PASS" starttime="20230110 17:55:35.388" endtime="20230110 17:55:35.388"/>
</kw>
<kw name="Lists Should Be Equal" library="Collections">
<arg>${user_keys}</arg>
<arg>${keys}</arg>
<arg>ignore_order=True</arg>
<doc>Fails if given lists are unequal.</doc>
<status status="PASS" starttime="20230110 17:55:35.388" endtime="20230110 17:55:35.388"/>
</kw>
<status status="PASS" starttime="20230110 17:55:35.388" endtime="20230110 17:55:35.388"/>
</iter>
<iter>
<var name="${i}">6</var>
<kw name="Get Dictionary Keys" library="Collections">
<var>${keys}</var>
<arg>${users}[0][${i}]</arg>
<doc>Returns keys of the given ``dictionary`` as a list.</doc>
<msg timestamp="20230110 17:55:35.388" level="INFO">${keys} = ['email', 'gender', 'id', 'name', 'status']</msg>
<status status="PASS" starttime="20230110 17:55:35.388" endtime="20230110 17:55:35.388"/>
</kw>
<kw name="Lists Should Be Equal" library="Collections">
<arg>${user_keys}</arg>
<arg>${keys}</arg>
<arg>ignore_order=True</arg>
<doc>Fails if given lists are unequal.</doc>
<status status="PASS" starttime="20230110 17:55:35.388" endtime="20230110 17:55:35.388"/>
</kw>
<status status="PASS" starttime="20230110 17:55:35.388" endtime="20230110 17:55:35.388"/>
</iter>
<iter>
<var name="${i}">7</var>
<kw name="Get Dictionary Keys" library="Collections">
<var>${keys}</var>
<arg>${users}[0][${i}]</arg>
<doc>Returns keys of the given ``dictionary`` as a list.</doc>
<msg timestamp="20230110 17:55:35.388" level="INFO">${keys} = ['email', 'gender', 'id', 'name', 'status']</msg>
<status status="PASS" starttime="20230110 17:55:35.388" endtime="20230110 17:55:35.388"/>
</kw>
<kw name="Lists Should Be Equal" library="Collections">
<arg>${user_keys}</arg>
<arg>${keys}</arg>
<arg>ignore_order=True</arg>
<doc>Fails if given lists are unequal.</doc>
<status status="PASS" starttime="20230110 17:55:35.388" endtime="20230110 17:55:35.388"/>
</kw>
<status status="PASS" starttime="20230110 17:55:35.388" endtime="20230110 17:55:35.388"/>
</iter>
<iter>
<var name="${i}">8</var>
<kw name="Get Dictionary Keys" library="Collections">
<var>${keys}</var>
<arg>${users}[0][${i}]</arg>
<doc>Returns keys of the given ``dictionary`` as a list.</doc>
<msg timestamp="20230110 17:55:35.388" level="INFO">${keys} = ['email', 'gender', 'id', 'name', 'status']</msg>
<status status="PASS" starttime="20230110 17:55:35.388" endtime="20230110 17:55:35.388"/>
</kw>
<kw name="Lists Should Be Equal" library="Collections">
<arg>${user_keys}</arg>
<arg>${keys}</arg>
<arg>ignore_order=True</arg>
<doc>Fails if given lists are unequal.</doc>
<status status="PASS" starttime="20230110 17:55:35.388" endtime="20230110 17:55:35.388"/>
</kw>
<status status="PASS" starttime="20230110 17:55:35.388" endtime="20230110 17:55:35.388"/>
</iter>
<iter>
<var name="${i}">9</var>
<kw name="Get Dictionary Keys" library="Collections">
<var>${keys}</var>
<arg>${users}[0][${i}]</arg>
<doc>Returns keys of the given ``dictionary`` as a list.</doc>
<msg timestamp="20230110 17:55:35.388" level="INFO">${keys} = ['email', 'gender', 'id', 'name', 'status']</msg>
<status status="PASS" starttime="20230110 17:55:35.388" endtime="20230110 17:55:35.388"/>
</kw>
<kw name="Lists Should Be Equal" library="Collections">
<arg>${user_keys}</arg>
<arg>${keys}</arg>
<arg>ignore_order=True</arg>
<doc>Fails if given lists are unequal.</doc>
<status status="PASS" starttime="20230110 17:55:35.388" endtime="20230110 17:55:35.388"/>
</kw>
<status status="PASS" starttime="20230110 17:55:35.388" endtime="20230110 17:55:35.388"/>
</iter>
<status status="PASS" starttime="20230110 17:55:35.388" endtime="20230110 17:55:35.388"/>
</for>
<status status="PASS" starttime="20230110 17:55:35.366" endtime="20230110 17:55:35.388"/>
</kw>
<doc>This test case will verify all users data attributes are similar</doc>
<status status="PASS" starttime="20230110 17:55:35.302" endtime="20230110 17:55:35.388"/>
</test>
<test id="s1-t6" name="TC5_Verify_get_response" line="39">
<kw name="GET On Session" library="RequestsLibrary">
<var>${response}</var>
<arg>api_url</arg>
<arg>public/v1/users</arg>
<arg>params=access-token=${token}</arg>
<doc>Sends a GET request on a previously created HTTP Session.</doc>
<msg timestamp="20230110 17:55:35.445" level="INFO">GET Request : url=https://gorest.co.in/public/v1/users?access-token=xxx 
 path_url=/public/v1/users?access-token=xxx 
 headers={'User-Agent': 'python-requests/2.28.1', 'Accept-Encoding': 'gzip, deflate', 'Accept': '*/*', 'Connection': 'keep-alive'} 
 body=None 
 </msg>
<msg timestamp="20230110 17:55:35.445" level="INFO">GET Response : url=https://gorest.co.in/public/v1/users?access-token=xxx 
 status=200, reason=OK 
 headers={'Date': 'Tue, 10 Jan 2023 12:25:35 GMT', 'Content-Type': 'application/json; charset=utf-8', 'Transfer-Encoding': 'chunked', 'Connection': 'keep-alive', 'Cache-Control': 'max-age=0, private, must-revalidate', 'etag': 'W/"a528c9e1a3268e5c9a75fc6fbe688300"', 'referrer-policy': 'strict-origin-when-cross-origin', 'vary': 'Origin', 'x-content-type-options': 'nosniff', 'x-download-options': 'noopen', 'x-frame-options': 'SAMEORIGIN', 'x-permitted-cross-domain-policies': 'none', 'x-request-id': 'ee5d42aa-2b2c-433e-8dc9-d267ea7255f9', 'x-runtime': '0.021141', 'x-xss-protection': '0', 'CF-Cache-Status': 'DYNAMIC', 'Report-To': '{"endpoints":[{"url":"https:\\/\\/a.nel.cloudflare.com\\/report\\/v3?s=e4qjDFY03mTXxoagHLFnyzd8NksKpUhB9pymy%2FJiGWWZ20u6TFDbwBZSsCSycCKJnS%2FzT%2FdhoUV15%2Fn7W5Vis5urvkso%2FqrnBa11FUHcg63UGCxtINFf0EGqTZP69zPDWJvTv5%2FEHl3IuL0%3D"}],"group":"cf-nel","max_age":604800}', 'NEL': '{"success_fraction":0,"report_to":"cf-nel","max_age":604800}', 'Server': 'cloudflare', 'CF-RAY': '7875656b4f173c07-BLR', 'Content-Encoding': 'gzip', 'alt-svc': 'h3=":443"; ma=86400, h3-29=":443"; ma=86400'} 
 body={"meta":{"pagination":{"total":3502,"pages":351,"page":1,"limit":10,"links":{"previous":null,"current":"https://gorest.co.in/public/v1/users?page=1","next":"https://gorest.co.in/public/v1/users?page=2"}}},"data":[{"id":4104,"name":"Gayatri Tandon","email":"tandon_gayatri@willms-simonis.net","gender":"female","status":"inactive"},{"id":4099,"name":"Fr. Goswami Achari","email":"fr_goswami_achari@altenwerth-oberbrunner.co","gender":"male","status":"active"},{"id":4098,"name":"Kin Saini","email":"kin_saini@jacobson.name","gender":"male","status":"active"},{"id":4097,"name":"Deenabandhu Dhawan","email":"deenabandhu_dhawan@skiles.info","gender":"female","status":"active"},{"id":4096,"name":"Msgr. Jitendra Dwivedi","email":"msgr_dwivedi_jitendra@bernhard.net","gender":"male","status":"inactive"},{"id":4094,"name":"Jaya Pothuvaal","email":"pothuvaal_jaya@effertz-gusikowski.org","gender":"male","status":"inactive"},{"id":4092,"name":"Chandravati Mehra","email":"chandravati_mehra@kautzer-hand.info","gender":"male","status":"active"},{"id":4091,"name":"Anil Dwivedi","email":"dwivedi_anil@feil.biz","gender":"male","status":"inactive"},{"id":4090,"name":"Mrs. Jagmeet Gandhi","email":"jagmeet_mrs_gandhi@hoppe-carroll.name","gender":"male","status":"active"},{"id":4089,"name":"Lakshminath Banerjee","email":"banerjee_lakshminath@tromp-turcotte.co","gender":"female","status":"inactive"}]} 
 </msg>
<msg timestamp="20230110 17:55:35.445" level="INFO">${response} = &lt;Response [200]&gt;</msg>
<status status="PASS" starttime="20230110 17:55:35.397" endtime="20230110 17:55:35.445"/>
</kw>
<kw name="Log To Console" library="BuiltIn">
<arg>${response.status_code}</arg>
<doc>Logs the given message to the console.</doc>
<status status="PASS" starttime="20230110 17:55:35.445" endtime="20230110 17:55:35.445"/>
</kw>
<kw name="Convert To String" library="BuiltIn">
<var>${status_code}</var>
<arg>${response.status_code}</arg>
<doc>Converts the given item to a Unicode string.</doc>
<msg timestamp="20230110 17:55:35.445" level="INFO">${status_code} = 200</msg>
<status status="PASS" starttime="20230110 17:55:35.445" endtime="20230110 17:55:35.445"/>
</kw>
<kw name="Should Be Equal" library="BuiltIn">
<arg>${status_code}</arg>
<arg>200</arg>
<doc>Fails if the given objects are unequal.</doc>
<status status="PASS" starttime="20230110 17:55:35.445" endtime="20230110 17:55:35.445"/>
</kw>
<doc>This test case is to verify get response code as 200</doc>
<status status="PASS" starttime="20230110 17:55:35.397" endtime="20230110 17:55:35.445"/>
</test>
<doc>This script is used to test APIs for a given URL.
This script covers Verification of Functional and non functional test cases</doc>
<status status="PASS" starttime="20230110 17:55:34.544" endtime="20230110 17:55:35.445"/>
</suite>
<statistics>
<total>
<stat pass="6" fail="0" skip="0">All Tests</stat>
</total>
<tag>
</tag>
<suite>
<stat pass="6" fail="0" skip="0" id="s1" name="GoRestAPI Testcases">GoRestAPI Testcases</stat>
</suite>
</statistics>
<errors>
</errors>
</robot>
